logging to file "single.out" is on
>> offset 1.5
current trait offset is 1.500000
>> fbat
trait affection; offset 1.500; model additive; test bi-allelic; minsize 10; min_freq 0.000; p 1.000; maxcmh 1000

Marker                           Allele   afreq   fam#     S-E(S)      Var(S)       Z           P
-------------------------------------------------------------------------------------------------
esp;rs142251617                  1        0.980     48    -23.250      19.188  -5.308    1.11e-07
esp;rs142251617                  2        0.020     48     23.250      19.188   5.308    1.11e-07
cosmic:149325;esp;rs2272522      1        0.740    342    -86.000     171.875  -6.560    5.50e-11
cosmic:149325;esp;rs2272522      2        0.260    342     86.000     171.875   6.560    5.50e-11
esp;rs116261368                  1        0.995     13     -6.250       3.812  -3.201    0.001370
esp;rs116261368                  2        0.005     13      6.250       3.812   3.201    0.001370
esp;rs76440115                   1        0.958     98    -49.500      43.250  -7.527    5.28e-14
esp;rs76440115                   2        0.042     98     49.500      43.250   7.527    5.28e-14
esp;rs10259584                   1        0.894    239   -105.750     103.438 -10.398    2.56e-25
esp;rs10259584                   2        0.106    239    105.750     103.438  10.398    0.00e+00
esp;rs150719489                  1        0.996     14     -9.000       6.375  -3.565    0.000365
esp;rs150719489                  2        0.004     14      9.000       6.375   3.565    0.000365
esp;rs4729645                    1        0.974     74    -39.000      34.250  -6.664    2.72e-11
esp;rs4729645                    2        0.026     74     39.000      34.250   6.664    2.72e-11
esp;rs145279256                  1        0.997     10     -6.000       4.125  -2.954    0.003135
esp;rs145279256                  2        0.003     10      6.000       4.125   2.954    0.003135
esp;rs56103274                   1        0.581    391    -41.750     210.062  -2.881    0.003969
esp;rs56103274                   2        0.419    391     41.750     210.062   2.881    0.003969
esp;rs34834039                   1        0.888    235   -106.250     100.062 -10.622    2.38e-26
esp;rs34834039                   2        0.112    235    106.250     100.062  10.622    0.00e+00
chr7:100676964                   1        0.997     11     -7.750       5.688  -3.250    0.001155
chr7:100676964                   2        0.003     11      7.750       5.688   3.250    0.001155
esp;rs77671499                   1        0.936    143    -71.000      58.750  -9.263    2.01e-20
esp;rs77671499                   2        0.064    143     71.000      58.750   9.263    0.00e+00
esp;rs78263695                   1        0.986     48    -27.750      20.562  -6.120    9.60e-10
esp;rs78263695                   2        0.014     48     27.750      20.562   6.120    9.60e-10
esp;rs11769696                   1        0.919    194    -92.250      81.688 -10.207    1.87e-24
esp;rs11769696                   2        0.081    194     92.250      81.688  10.207    0.00e+00
esp;rs77274379                   1        0.971     82    -41.250      36.688  -6.810    9.93e-12
esp;rs77274379                   2        0.029     82     41.250      36.688   6.810    9.93e-12
esp;rs138873624                  1        0.991     28    -15.500      10.750  -4.727    2.27e-06
esp;rs138873624                  2        0.009     28     15.500      10.750   4.727    2.27e-06
rs78010183                       1        0.890    215    -89.500      97.125  -9.081    1.08e-19
rs78010183                       2        0.110    215     89.500      97.125   9.081    0.00e+00
rs113959201                      1        0.896    199    -83.250      87.938  -8.878    6.91e-19
rs113959201                      2        0.104    199     83.250      87.938   8.878    0.00e+00
chr7:100678644                   1        0.997     10     -5.500       3.625  -2.889    0.003868
chr7:100678644                   2        0.003     10      5.500       3.625   2.889    0.003868
esp;rs4269454                    1        0.893    198    -82.750      87.062  -8.869    7.50e-19
esp;rs4269454                    2        0.107    198     82.750      87.062   8.869    0.00e+00
esp;rs112183311                  1        0.996     15     -7.750       4.938  -3.488    0.000487
esp;rs112183311                  2        0.004     15      7.750       4.938   3.488    0.000487
esp;rs75782138                   1        0.986     41    -20.250      17.062  -4.902    9.47e-07
esp;rs75782138                   2        0.014     41     20.250      17.062   4.902    9.47e-07
esp;rs73712042                   1        0.995     17    -11.750       8.562  -4.015    0.000059
esp;rs73712042                   2        0.005     17     11.750       8.562   4.015    0.000059
esp;rs74687161                   1        0.991     27    -10.000       9.750  -3.203    0.001362
esp;rs74687161                   2        0.009     27     10.000       9.750   3.203    0.001362
esp;rs73712043                   1        0.986     41    -22.000      15.625  -5.566    2.61e-08
esp;rs73712043                   2        0.014     41     22.000      15.625   5.566    2.61e-08
esp;rs113228337                  1        0.994     19    -10.250       6.688  -3.964    0.000074
esp;rs113228337                  2        0.006     19     10.250       6.688   3.964    0.000074
esp;rs36120435                   1        0.908    228   -104.500      98.000 -10.556    4.80e-26
esp;rs36120435                   2        0.092    228    104.500      98.000  10.556    0.00e+00
esp;rs28593004                   1        0.869    274   -104.250     123.812  -9.369    7.40e-21
esp;rs28593004                   2        0.131    274    104.250     123.812   9.369    0.00e+00
esp;rs147094151                  1        0.979     60    -33.250      25.312  -6.609    3.95e-11
esp;rs147094151                  2        0.021     60     33.250      25.312   6.609    3.95e-11
esp;rs147785825                  1        0.980     63    -35.000      26.500  -6.799    1.07e-11
esp;rs147785825                  2        0.020     63     35.000      26.500   6.799    1.07e-11
esp;rs73712044                   1        0.988     35    -19.750      14.188  -5.243    1.58e-07
esp;rs73712044                   2        0.012     35     19.750      14.188   5.243    1.58e-07
esp;rs142739196                  1        0.996     14     -7.500       6.375  -2.970    0.002974
esp;rs142739196                  2        0.004     14      7.500       6.375   2.970    0.002974
esp;rs79046921                   1        0.989     35    -13.000      12.750  -3.641    0.000272
esp;rs79046921                   2        0.011     35     13.000      12.750   3.641    0.000272
esp;rs77120544                   1        0.977     69    -35.750      31.938  -6.326    2.57e-10
esp;rs77120544                   2        0.023     69     35.750      31.938   6.326    2.57e-10
rs145514577                      1        0.996     14    -10.000       7.375  -3.682    0.000231
rs145514577                      2        0.004     14     10.000       7.375   3.682    0.000231
esp;rs74534379                   1        0.993     25    -12.000       7.625  -4.346    0.000014
esp;rs74534379                   2        0.007     25     12.000       7.625   4.346    0.000014
esp;rs73712047                   1        0.995     19     -9.750       7.188  -3.637    0.000276
esp;rs73712047                   2        0.005     19      9.750       7.188   3.637    0.000276
esp;rs12673753                   1        0.982     43    -22.750      17.312  -5.468    4.56e-08
esp;rs12673753                   2        0.018     43     22.750      17.312   5.468    4.56e-08
esp;rs113518144                  1        0.997     10     -5.500       3.625  -2.889    0.003868
esp;rs113518144                  2        0.003     10      5.500       3.625   2.889    0.003868
esp;rs74974199                   1        0.988     36    -17.250      16.312  -4.271    0.000019
esp;rs74974199                   2        0.012     36     17.250      16.312   4.271    0.000019
cosmic:199614;esp;rs138142210    1        0.982     63    -36.750      24.688  -7.396    1.42e-13
cosmic:199614;esp;rs138142210    2        0.018     63     36.750      24.688   7.396    1.42e-13
esp;rs73168398                   1        0.887    232   -101.500     101.000 -10.100    5.59e-24
esp;rs73168398                   2        0.113    232    101.500     101.000  10.100    0.00e+00
esp;rs6946812                    1        0.988     29    -15.500      11.375  -4.596    4.31e-06
esp;rs6946812                    2        0.012     29     15.500      11.375   4.596    4.31e-06
esp;rs10244048                   1        0.983     41    -26.000      18.625  -6.025    1.74e-09
esp;rs10244048                   2        0.017     41     26.000      18.625   6.025    1.74e-09

>> log off
